<?xml version="1.0" encoding="UTF-8"?>
<!-- Generated by org.testng.reporters.JUnitXMLReporter -->
<testsuite ignored="1" hostname="DESKTOP-A8DG1E5" failures="0" tests="2" name="SubmitOrder" time="17.224" errors="0" timestamp="2024-02-10T18:35:08 IST">
  <testcase classname="ecommerce.tests.SubmitOrderTest" name="submitOrderTest" time="7.85"/>
  <testcase classname="ecommerce.tests.SubmitOrderTest" name="submitOrderTest" time="8.706"/>
  <testcase classname="ecommerce.tests.SubmitOrderTest" name="orderVerificationTest" time="0.0">
    <ignored/>
  </testcase> <!-- orderVerificationTest -->
</testsuite> <!-- SubmitOrder -->
