<?xml version="1.0" encoding="UTF-8"?>
<!-- Generated by org.testng.reporters.JUnitXMLReporter -->
<testsuite ignored="2" hostname="DESKTOP-A8DG1E5" failures="0" tests="0" time="0.012" errors="0" timestamp="2024-02-10T23:56:57 IST">
  <testcase classname="ecommerce.tests.SubmitOrderTest" name="submitOrderTest" time="0.0">
    <ignored/>
  </testcase> <!-- submitOrderTest -->
  <testcase classname="ecommerce.tests.SubmitOrderTest" name="orderVerificationTest" time="0.0">
    <ignored/>
  </testcase> <!-- orderVerificationTest -->
</testsuite>
