<?xml version="1.0" encoding="UTF-8"?>
<testng-results ignored="0" total="1" passed="1" failed="0" skipped="0">
  <reporter-output>
  </reporter-output>
  <suite started-at="2024-02-10T23:36:07 IST" name="Default suite" finished-at="2024-02-10T23:36:11 IST" duration-ms="3904">
    <groups>
      <group name="errorValidations">
        <method signature="ErrorValidationsTest.loginValidation()[pri:0, instance:ecommerce.tests.ErrorValidationsTest@d9345cd]" name="loginValidation" class="ecommerce.tests.ErrorValidationsTest"/>
      </group> <!-- errorValidations -->
    </groups>
    <test started-at="2024-02-10T23:36:07 IST" name="Default test" finished-at="2024-02-10T23:36:11 IST" duration-ms="3904">
      <class name="ecommerce.tests.ErrorValidationsTest">
        <test-method signature="loginValidation()[pri:0, instance:ecommerce.tests.ErrorValidationsTest@d9345cd]" started-at="2024-02-10T23:36:07 IST" name="loginValidation" finished-at="2024-02-10T23:36:11 IST" duration-ms="3733" status="PASS">
          <reporter-output>
          </reporter-output>
        </test-method> <!-- loginValidation -->
        <test-method is-config="true" signature="quitter()[pri:0, instance:ecommerce.tests.ErrorValidationsTest@d9345cd]" started-at="2024-02-10T23:36:11 IST" name="quitter" finished-at="2024-02-10T23:36:11 IST" duration-ms="124" status="PASS">
          <reporter-output>
          </reporter-output>
        </test-method> <!-- quitter -->
      </class> <!-- ecommerce.tests.ErrorValidationsTest -->
    </test> <!-- Default test -->
  </suite> <!-- Default suite -->
</testng-results>
